C:\USERS\OREN ISH SHALOM\DROPBOX\MTA\COMPILATION\2016-2017\COMPILATION\COMPILATION_FOR_STUDENTS\COMPILER\STEP_03_BOTTOM_UP_PARSER_LR_1\BOTTOM_UP_PARSER_LR_1\DEBUG\BOTTOM_UP_PARSER_LR_1.EXE
C:\USERS\OREN ISH SHALOM\DROPBOX\MTA\COMPILATION\2016-2017\COMPILATION\COMPILATION_FOR_STUDENTS\COMPILER\STEP_03_BOTTOM_UP_PARSER_LR_1\BOTTOM_UP_PARSER_LR_1\DEBUG\BOTTOM_UP_PARSER_LR_1.EXE.INTERMEDIATE.MANIFEST
C:\USERS\OREN ISH SHALOM\DROPBOX\MTA\COMPILATION\2016-2017\COMPILATION\COMPILATION_FOR_STUDENTS\COMPILER\STEP_03_BOTTOM_UP_PARSER_LR_1\BOTTOM_UP_PARSER_LR_1\DEBUG\BOTTOM_UP_PARSER_LR_1.PDB
C:\Users\Oren Ish Shalom\Dropbox\MTA\COMPILATION\2016-2017\Compilation\Compilation_For_Students\Compiler\Step_03_Bottom_Up_Parser_LR_1\Bottom_Up_Parser_LR_1\Debug\Bottom_Up_Parser_LR_1.write.1.tlog
C:\Users\Oren Ish Shalom\Dropbox\MTA\COMPILATION\2016-2017\Compilation\Compilation_For_Students\Compiler\Step_03_Bottom_Up_Parser_LR_1\Bottom_Up_Parser_LR_1\Debug\cl.command.1.tlog
C:\Users\Oren Ish Shalom\Dropbox\MTA\COMPILATION\2016-2017\Compilation\Compilation_For_Students\Compiler\Step_03_Bottom_Up_Parser_LR_1\Bottom_Up_Parser_LR_1\Debug\CL.read.1.tlog
C:\Users\Oren Ish Shalom\Dropbox\MTA\COMPILATION\2016-2017\Compilation\Compilation_For_Students\Compiler\Step_03_Bottom_Up_Parser_LR_1\Bottom_Up_Parser_LR_1\Debug\CL.write.1.tlog
C:\USERS\OREN ISH SHALOM\DROPBOX\MTA\COMPILATION\2016-2017\COMPILATION\COMPILATION_FOR_STUDENTS\COMPILER\STEP_03_BOTTOM_UP_PARSER_LR_1\BOTTOM_UP_PARSER_LR_1\DEBUG\DRIVER.OBJ
C:\USERS\OREN ISH SHALOM\DROPBOX\MTA\COMPILATION\2016-2017\COMPILATION\COMPILATION_FOR_STUDENTS\COMPILER\STEP_03_BOTTOM_UP_PARSER_LR_1\BOTTOM_UP_PARSER_LR_1\DEBUG\ERRORMSG.OBJ
C:\USERS\OREN ISH SHALOM\DROPBOX\MTA\COMPILATION\2016-2017\COMPILATION\COMPILATION_FOR_STUDENTS\COMPILER\STEP_03_BOTTOM_UP_PARSER_LR_1\BOTTOM_UP_PARSER_LR_1\DEBUG\LEX.YY.OBJ
C:\Users\Oren Ish Shalom\Dropbox\MTA\COMPILATION\2016-2017\Compilation\Compilation_For_Students\Compiler\Step_03_Bottom_Up_Parser_LR_1\Bottom_Up_Parser_LR_1\Debug\link.command.1.tlog
C:\Users\Oren Ish Shalom\Dropbox\MTA\COMPILATION\2016-2017\Compilation\Compilation_For_Students\Compiler\Step_03_Bottom_Up_Parser_LR_1\Bottom_Up_Parser_LR_1\Debug\link.read.1.tlog
C:\Users\Oren Ish Shalom\Dropbox\MTA\COMPILATION\2016-2017\Compilation\Compilation_For_Students\Compiler\Step_03_Bottom_Up_Parser_LR_1\Bottom_Up_Parser_LR_1\Debug\link.write.1.tlog
C:\Users\Oren Ish Shalom\Dropbox\MTA\COMPILATION\2016-2017\Compilation\Compilation_For_Students\Compiler\Step_03_Bottom_Up_Parser_LR_1\Bottom_Up_Parser_LR_1\Debug\mt.command.1.tlog
C:\Users\Oren Ish Shalom\Dropbox\MTA\COMPILATION\2016-2017\Compilation\Compilation_For_Students\Compiler\Step_03_Bottom_Up_Parser_LR_1\Bottom_Up_Parser_LR_1\Debug\mt.read.1.tlog
C:\Users\Oren Ish Shalom\Dropbox\MTA\COMPILATION\2016-2017\Compilation\Compilation_For_Students\Compiler\Step_03_Bottom_Up_Parser_LR_1\Bottom_Up_Parser_LR_1\Debug\mt.write.1.tlog
C:\USERS\OREN ISH SHALOM\DROPBOX\MTA\COMPILATION\2016-2017\COMPILATION\COMPILATION_FOR_STUDENTS\COMPILER\STEP_03_BOTTOM_UP_PARSER_LR_1\BOTTOM_UP_PARSER_LR_1\DEBUG\PARSER.OBJ
C:\USERS\OREN ISH SHALOM\DROPBOX\MTA\COMPILATION\2016-2017\COMPILATION\COMPILATION_FOR_STUDENTS\COMPILER\STEP_03_BOTTOM_UP_PARSER_LR_1\BOTTOM_UP_PARSER_LR_1\DEBUG\STACK.OBJ
C:\USERS\OREN ISH SHALOM\DROPBOX\MTA\COMPILATION\2016-2017\COMPILATION\COMPILATION_FOR_STUDENTS\COMPILER\STEP_03_BOTTOM_UP_PARSER_LR_1\BOTTOM_UP_PARSER_LR_1\DEBUG\TABLE.OBJ
C:\USERS\OREN ISH SHALOM\DROPBOX\MTA\COMPILATION\2016-2017\COMPILATION\COMPILATION_FOR_STUDENTS\COMPILER\STEP_03_BOTTOM_UP_PARSER_LR_1\BOTTOM_UP_PARSER_LR_1\DEBUG\UTIL.OBJ
C:\Users\Oren Ish Shalom\Dropbox\MTA\COMPILATION\2016-2017\Compilation\Compilation_For_Students\Compiler\Step_03_Bottom_Up_Parser_LR_1\Bottom_Up_Parser_LR_1\Debug\vc100.idb
C:\USERS\OREN ISH SHALOM\DROPBOX\MTA\COMPILATION\2016-2017\COMPILATION\COMPILATION_FOR_STUDENTS\COMPILER\STEP_03_BOTTOM_UP_PARSER_LR_1\BOTTOM_UP_PARSER_LR_1\DEBUG\VC100.PDB
